<?xml version="1.0" encoding="UTF-8"?>
<mule xmlns="http://www.mulesoft.org/schema/mule/core" xmlns:xsi="http://www.w3.org/2001/XMLSchema-instance"
    xmlns:spring="http://www.springframework.org/schema/beans"
    xmlns:vm="http://www.mulesoft.org/schema/mule/vm"
    xmlns:client="http://www.mulesoft.org/schema/mule/client"
    xsi:schemaLocation="
       http://www.springframework.org/schema/beans http://www.springframework.org/schema/beans/spring-beans-3.0.xsd
       http://www.mulesoft.org/schema/mule/client http://www.mulesoft.org/schema/mule/client/3.1/mule-client.xsd
       http://www.mulesoft.org/schema/mule/core http://www.mulesoft.org/schema/mule/core/3.1/mule.xsd
       http://www.mulesoft.org/schema/mule/vm http://www.mulesoft.org/schema/mule/vm/3.1/mule-vm.xsd">

    <endpoint address="http://localhost:60505" name="remoteEndpoint" exchange-pattern="request-response"/>

</mule>

