<?xml version="1.0" encoding="UTF-8"?>

<!DOCTYPE mule-configuration PUBLIC "-//MuleSource //DTD mule-configuration XML V1.0//EN"
                                "http://mule.mulesource.org/dtds/mule-configuration.dtd">

<mule-configuration id="client_test" version="1.0">

    <mule-environment-properties
        synchronous="true"
        serverUrl="jms://jmsSysProvider/mule.sys.queue?createConnector=NEVER"
        />

     <container-context className="org.mule.extras.spring.SpringContainerContext">
        <properties>
            <text-property name="configuration">
                <![CDATA[
<!DOCTYPE beans PUBLIC "-//SPRING//DTD BEAN//EN" "http://www.springframework.org/dtd/spring-beans.dtd">
                <beans>
                <bean id="jmsConnectionFactory"
        class="org.apache.activemq.ActiveMQConnectionFactory">
        <property name="brokerURL"><value>vm://localhost?broker.persistent=true</value></property>
    </bean>
                </beans>
                ]]>
            </text-property>
        </properties> 
    </container-context>
    <!--
    JmsConnector is used to send and receive information via the Jms channel
    -->
    <!-- Testing with ActiveMq -->
    <connector name="jmsConnector" className="org.mule.providers.jms.JmsConnector">
        <properties>
            <container-property name="connectionFactory" reference="jmsConnectionFactory"/>
            <property name="specification" value="1.1"/>
        </properties>
    </connector>

    <!-- this connector simulates an existing endpoint on a remote server -->
    <connector name="vmRemoteConnector" className="org.mule.providers.vm.VMConnector">
        <properties>
            <property name="queueEvents" value="true"/>
        </properties>
    </connector>

    <global-endpoints>
        <endpoint name="vmRemoteEndpoint" connector="vmRemoteConnector" address="vm://remote.queue"/>
        <endpoint name="jmsSysEndpoint" connector="jmsConnector" address="jms://mule.sys.queue"/>
    </global-endpoints>

    <model name="model">
        <mule-descriptor name="TestReceiverUMO" implementation="org.mule.test.integration.service.TestReceiver">
            <inbound-router>
                <endpoint address="vm://test.queue"/>
            </inbound-router>
            <outbound-router>
                <router className="org.mule.routing.outbound.OutboundPassThroughRouter">
                    <endpoint address="stdio://System.out"/>
                </router>
            </outbound-router>
        </mule-descriptor>
    </model>
</mule-configuration>
