<?xml version="1.0" encoding="UTF-8"?>
<mule xmlns="http://www.mulesource.org/schema/mule/core/2.0" xmlns:xsi="http://www.w3.org/2001/XMLSchema-instance"
    xmlns:spring="http://www.springframework.org/schema/beans" xmlns:vm="http://www.mulesource.org/schema/mule/vm/2.0"
    xsi:schemaLocation="
       http://www.springframework.org/schema/beans http://www.springframework.org/schema/beans/spring-beans-2.0.xsd
       http://www.mulesource.org/schema/mule/core/2.0 http://www.mulesource.org/schema/mule/core/2.0/mule.xsd
       http://www.mulesource.org/schema/mule/vm/2.0 http://www.mulesource.org/schema/mule/vm/2.0/mule-vm.xsd">

    <admin-agent serverUri="http://localhost:60504" />

    <!-- this connector simulates an existing endpoint on a remote server -->
    <vm:connector name="vmRemoteConnector" queueEvents="true" />

    <endpoint name="vmRemoteEndpoint" connector-ref="vmRemoteConnector" address="vm://remote.endpoint" />

    <model name="model">
        <service name="remoteUMO">
            <inbound-router>
                <inbound-endpoint ref="vmRemoteEndpoint" remoteSync="true" />
            </inbound-router>
            <component>
                <singleton-object class="org.mule.components.simple.StaticComponent">
                    <properties>
                        <spring:entry key="data" value="received from remote" />
                    </properties>
                </singleton-object>
            </component>
        </service>
    </model>
</mule>
