<?xml version="1.0" encoding="UTF-8"?>
<mule xmlns="http://www.mulesource.org/schema/mule/core/2.0" xmlns:xsi="http://www.w3.org/2001/XMLSchema-instance"
    xmlns:spring="http://www.springframework.org/schema/beans" xmlns:vm="http://www.mulesource.org/schema/mule/vm/2.0"
    xmlns:jms="http://www.mulesource.org/schema/mule/jms/2.0"
    xsi:schemaLocation="
       http://www.springframework.org/schema/beans http://www.springframework.org/schema/beans/spring-beans-2.0.xsd
       http://www.mulesource.org/schema/mule/core/2.0 http://www.mulesource.org/schema/mule/core/2.0/mule.xsd
       http://www.mulesource.org/schema/mule/jms/2.0 http://www.mulesource.org/schema/mule/jms/2.0/mule-jms.xsd
       http://www.mulesource.org/schema/mule/vm/2.0 http://www.mulesource.org/schema/mule/vm/2.0/mule-vm.xsd">

    <admin-agent serverUri="jms://jmsSysProvider/mule.sys.queue" />

    <configuration defaultSynchronousEndpoints="true" />

    <!-- this connector simulates an existing endpoint on a remote server -->
    <vm:connector name="vmRemoteConnector" queueEvents="true" />

    <!-- Testing with ActiveMq -->
    <jms:activemq-connector name="jmsConnector" specification="1.1" />

    <endpoint name="vmRemoteEndpoint" connector-ref="vmRemoteConnector" address="vm://remote.endpoint" />
    <endpoint name="jmsSysEndpoint" connector-ref="jmsConnector" address="jms://mule.sys.queue" />


    <model name="model">
        <service name="TestReceiverUMO">
            <inbound>
                <inbound-endpoint address="vm://test.queue" />
            </inbound>
            <component class="org.mule.test.integration.service.TestReceiver" />
            <outbound>
                <outbound-pass-through-router>
                    <outbound-endpoint address="stdio://System.out" />
                </outbound-pass-through-router>
            </outbound>
        </service>
    </model>

</mule>

