<?xml version="1.0" encoding="UTF-8"?>
<mule xmlns="http://www.mulesource.org/schema/mule/core"
       xmlns:xsi="http://www.w3.org/2001/XMLSchema-instance"
       xmlns:spring="http://www.springframework.org/schema/beans"
       xmlns:client="http://www.mulesource.org/schema/mule/client"
       xmlns:vm="http://www.mulesource.org/schema/mule/vm"
       xsi:schemaLocation="
       http://www.springframework.org/schema/beans http://www.springframework.org/schema/beans/spring-beans-2.5.xsd
       http://www.mulesource.org/schema/mule/core http://www.mulesource.org/schema/mule/core/3.0/mule.xsd
       http://www.mulesource.org/schema/mule/client http://www.mulesource.org/schema/mule/client/3.0/mule-client.xsd
       http://www.mulesource.org/schema/mule/vm http://www.mulesource.org/schema/mule/vm/3.0/mule-vm.xsd">

    <endpoint address="tcp://localhost:60504" name="remoteEndpoint" synchronous="true"/>

</mule>
