<?xml version="1.0" encoding="UTF-8"?>
<mule xmlns="http://www.mulesource.org/schema/mule/core/2.0"
       xmlns:xsi="http://www.w3.org/2001/XMLSchema-instance"
       xmlns:spring="http://www.springframework.org/schema/beans"
       xmlns:vm="http://www.mulesource.org/schema/mule/vm/2.0"
       xsi:schemaLocation="
       http://www.springframework.org/schema/beans http://www.springframework.org/schema/beans/spring-beans-2.0.xsd
       http://www.mulesource.org/schema/mule/core/2.0 http://www.mulesource.org/schema/mule/core/2.0/mule.xsd
       http://www.mulesource.org/schema/mule/vm/2.0 http://www.mulesource.org/schema/mule/vm/2.0/mule-vm.xsd">

    <admin-agent serverUri="tcp://localhost:60504"/>
    
    <!-- this connector/provider simulates an existing endpoint on a remote server -->
    <vm:connector name="vmRemoteQueueConnector" queueEvents="true"/>

    <vm:connector name="vmRemoteConnector" queueEvents="false"/>
    
    <model name="model">
        <service name="TestReceiverUMO">
            <inbound>
                <inbound-endpoint address="vm://test.queue" connector-ref="vmRemoteQueueConnector"/>
            </inbound>
            <component class="org.mule.tck.functional.FunctionalTestComponent"/>
            <outbound>
                <outbound-pass-through-router>
                    <outbound-endpoint address="stdio://System.out"/>
                </outbound-pass-through-router>
            </outbound>
        </service>

        <service name="remoteUMO">
            <inbound>
                <inbound-endpoint address="vm://remote.endpoint" connector-ref="vmRemoteConnector" remoteSync="true"/>
            </inbound>
            <component>
                <singleton-object class="org.mule.components.simple.StaticComponent">
                    <property key="data" value="received from remote"/>
                </singleton-object>
            </component>
        </service>
    </model>
</mule>
