<?xml version="1.0" encoding="UTF-8"?>

<!DOCTYPE mule-configuration PUBLIC "-//MuleSource //DTD mule-configuration XML V1.0//EN"
                                "http://mule.mulesource.org/dtds/mule-configuration.dtd">

<mule-configuration id="client_test" version="1.0">

    <mule-environment-properties synchronous="true"/>

    <global-endpoints>
        <endpoint name="vmEndpoint" address="vm://test.queue"/>
    </global-endpoints>

    <model name="model">
        <mule-descriptor name="TestReceiverUMO" implementation="org.mule.tck.functional.FunctionalTestComponent">
            <inbound-router>
                <global-endpoint name="vmEndpoint"/>
            </inbound-router>
            <outbound-router>
                <router className="org.mule.routing.outbound.OutboundPassThroughRouter">
                    <endpoint address="stream://System.out"/>
                </router>
            </outbound-router>
        </mule-descriptor>
    </model>
</mule-configuration>
