<?xml version="1.0" encoding="UTF-8"?>

<!DOCTYPE mule-configuration PUBLIC "-//SymphonySoft //DTD mule-configuration XML V1.0//EN"
                                "http://www.symphonysoft.com/dtds/mule/mule-configuration.dtd">

<mule-configuration id="client_test" version="1.0">

    <mule-environment-properties synchronous="true"/>

    <global-endpoints>
        <endpoint name="vmEndpoint" address="vm://test.queue"/>
    </global-endpoints>

    <model name="model">
        <mule-descriptor name="TestReceiverUMO"
            inboundEndpoint="vm://localhost/test.queue"
            outboundEndpoint="stream://System.out"
            implementation="org.mule.test.integration.client.TestReceiver">
        </mule-descriptor>
    </model>
</mule-configuration>