<?xml version="1.0" encoding="UTF-8"?>
<mule xmlns="http://www.mulesource.org/schema/mule/core/2.0"
      xmlns:xsi="http://www.w3.org/2001/XMLSchema-instance"
      xmlns:spring="http://www.springframework.org/schema/beans"
      xmlns:test="http://www.mulesource.org/schema/mule/test/2.0"
      xsi:schemaLocation="
       http://www.mulesource.org/schema/mule/test/2.0 http://www.mulesource.org/schema/mule/test/2.0/mule-test.xsd
       http://www.springframework.org/schema/beans http://www.springframework.org/schema/beans/spring-beans-2.5.xsd
       http://www.mulesource.org/schema/mule/core/2.0 http://www.mulesource.org/schema/mule/core/2.0/mule.xsd">

    <endpoint name="vmEndpoint" address="vm://test.queue"/>

    <model name="model">
        <service name="TestReceiverUMO">
            <inbound>
                <inbound-endpoint ref="vmEndpoint"/>
            </inbound>
            <test:component appendString=" Received"/>
            <outbound>
                <outbound-pass-through-router>
                    <outbound-endpoint address="stdio://System.out"/>
                </outbound-pass-through-router>
            </outbound>
        </service>
    </model>
</mule>
