<?xml version="1.0" encoding="ISO-8859-1"?>
<!DOCTYPE mule-configuration PUBLIC "-//SymphonySoft //DTD mule-configuration XML V1.0//EN"
                                "http://www.symphonysoft.com/dtds/mule/mule-configuration.dtd">

<mule-configuration id="CollationErrorProperties" version="1.0">

    <mule-environment-properties synchronous="true"/>

    <connector name="FileConnector" className="org.mule.providers.file.FileConnector">
        <properties>
            <property name="pollingFrequency" value="1000"/>
            <property name="moveToDirectory" value="c:/temp/myfiles/done"/>
            <property name="binaryMode" value="true"/>
        </properties>
    </connector>

    <!--
        The Mule model initialises and manages your UMO components
    -->
    <model name="CollationError">
        <mule-descriptor name="Distributor"
            inboundEndpoint="vm://distributor.queue"
            implementation="org.mule.components.simple.EchoComponent">
            <inbound-router>
                <router className="org.mule.routing.inbound.ForwardingConsumer"/>
            </inbound-router>
            <outbound-router>
                <router className="org.mule.routing.outbound.StaticRecipientList">
                    <properties>
                        <list name="recipients">
                            <entry value="vm://quoteprovider1.queue"/>
                            <entry value="vm://quoteprovider2.queue"/>
                        </list>
                    </properties>
                </router>
            </outbound-router>
        </mule-descriptor>

        <!-- This is a quotation system -->
        <mule-descriptor name="QuoteProviderOne"
            inboundEndpoint="vm://quoteprovider1.queue"
            outboundEndpoint="vm://Aggregator.queue"
            implementation="org.mule.components.simple.NullComponent">
            <inbound-router>
                <router className="org.mule.routing.inbound.ForwardingConsumer"/>
            </inbound-router>
        </mule-descriptor>

        <!-- This is a quotation system -->
        <mule-descriptor name="QuoteProviderTwo"
            inboundEndpoint="vm://quoteprovider2.queue"
            outboundEndpoint="vm://Aggregator.queue"
            implementation="org.mule.components.simple.NullComponent">
            <inbound-router>
                <router className="org.mule.routing.inbound.ForwardingConsumer"/>
            </inbound-router>
        </mule-descriptor>

        <mule-descriptor name="QuoteAggregator"
            implementation="org.mule.components.simple.EchoComponent">

            <inbound-router>
                <endpoint address="vm://Aggregator.queue"/>
                <router className="org.mule.test.integration.routing.TestAggregator"/>
            </inbound-router>

        </mule-descriptor>

    </model>

</mule-configuration>