<?xml version="1.0" encoding="UTF-8"?>

<!DOCTYPE mule-configuration PUBLIC "-//SymphonySoft //DTD mule-configuration XML V1.0//EN"
                                "http://www.symphonysoft.com/dtds/mule/mule-configuration.dtd">

<mule-configuration id="endpoint_test" version="1.0">

    <mule-environment-properties synchronousEventTimeout="1001"/>

    <connector name="testConnector" className="org.mule.providers.vm.VMConnector"/>
    <connector name="testConnector2" className="org.mule.providers.vm.VMConnector"/>

    <endpoint-identifiers>
        <endpoint-identifier name="server1" value="tcp://localhost:45431"/>
        <endpoint-identifier name="server2" value="tcp://localhost:45432"/>
        <endpoint-identifier name="server3" value="tcp://localhost:45433"/>
    </endpoint-identifiers>

    <transformers>
        <transformer name="ObjectToFileMessage" className="org.mule.providers.file.transformers.FileToString"/>
        <transformer name="ObjectToXml" className="org.mule.transformers.xml.ObjectToXml" returnClass="java.lang.String"/>
        <transformer name="XmlToObject" className="org.mule.transformers.xml.XmlToObject" returnClass="java.lang.Object"/>
    </transformers>

    <global-endpoints>
        <endpoint name="testEndpoint" address="vm://another.queue" connector="testConnector" transformers="ObjectToXml"/>
        <endpoint name="testEndpoint2" type="sender" address="vm://yet.another.queue" connector="testConnector" transformers="ObjectToXml"/>
    </global-endpoints>

    <model name="model">
        <!-- Test sendEndpoint and receive endpoint as URIs where the test connector will be
        used from the above config and the stream connector will be create dymanically
        -->
        <mule-descriptor name="TestComponent1"
            inboundEndpoint="test://localhost/test.queue"
            outboundEndpoint="stream://System.out"
            implementation="org.mule.test.integration.service.TestComponent">
        </mule-descriptor>

        <!-- Will fore create of a new VM connector i.e. create=ALWAYS and uses the
        transformer defined in in the inboundTransformer. Note that the URI
        test://localhost/new.queue?create=ALWAYS&transformers=XmlToObject  achieves the same
        result -->
        <mule-descriptor name="TestComponent2"
            inboundEndpoint="test://localhost/new.queue?createConnector=ALWAYS"
            inboundTransformer="XmlToObject"
            implementation="org.mule.test.integration.service.TestComponent">
        </mule-descriptor>

        <!-- Test uri endpoints for send and receive and Uri endpoints on the outbound router -->
        <mule-descriptor name="TestComponent3"
            inboundEndpoint="testEndpoint"
            outboundEndpoint="tcp://localhost:60201"
            implementation="org.mule.test.integration.service.TestComponent">

            <outbound-router>
                <router className="org.mule.routing.outbound.FilteringOutboundRouter">
                    <endpoint name="file1" address="file:///C:/temp?transformers=ObjectToFileMessage"/>
                </router>
                <router className="org.mule.routing.outbound.MulticastingRouter">
                    <endpoint address="udp://localhost:56731"/>
                    <endpoint address="test:/test.queue2"/>
                </router>
            </outbound-router>
        </mule-descriptor>

        <!-- test Uri reciever endpoint specifying a provider with endpoint overrriden and
        test outbound router config combining endpoints -->
        <mule-descriptor name="TestComponent4"
            implementation="org.mule.test.integration.service.TestComponent">
            <inbound-router>
                <global-endpoint name="testEndpoint" address="vm://queue4"/>
            </inbound-router>
            <outbound-router>
                <router className="org.mule.routing.outbound.FilteringOutboundRouter">
                    <endpoint address="udp://localhost:56731"/>
                    <global-endpoint name="testEndpoint2"/>
                </router>
            </outbound-router>
        </mule-descriptor>

        <mule-descriptor name="TestComponent5"
            inboundEndpoint="vm://localhost/some.queue?createConnector=testConnector2"
            implementation="org.mule.test.integration.service.TestComponent">

            <outbound-router>
                <router className="org.mule.routing.outbound.FilteringOutboundRouter">
                    <endpoint address="server1"/>
                    <endpoint address="server2"/>
                </router>
            </outbound-router>
        </mule-descriptor>

        <mule-descriptor name="TestComponent6"
            outboundEndpoint="server3"
            implementation="org.mule.test.integration.service.TestComponent">
        </mule-descriptor>
    </model>
</mule-configuration>
