<?xml version="1.0" encoding="UTF-8"?>
<mule xmlns="http://www.mulesource.org/schema/mule/core/2.0"
       xmlns:xsi="http://www.w3.org/2001/XMLSchema-instance"
       xmlns:spring="http://www.springframework.org/schema/beans"
       xmlns:vm="http://www.mulesource.org/schema/mule/vm/2.0"
       xsi:schemaLocation="
       http://www.springframework.org/schema/beans http://www.springframework.org/schema/beans/spring-beans-2.0.xsd
       http://www.mulesource.org/schema/mule/core/2.0 http://www.mulesource.org/schema/mule/core/2.0/mule.xsd
       http://www.mulesource.org/schema/mule/vm/2.0 http://www.mulesource.org/schema/mule/vm/2.0/mule-vm.xsd">

    <vm:connector name="vm" queueEvents="true"/>

    <model name="CollationError">
        <service name="Distributor">
            <inbound-router>
                <inbound-endpoint address="vm://distributor.queue"/>
            </inbound-router>
            <echo-component/>
            <outbound-router>
                <static-recipient-list-router>
                    <reply-to address="vm://Aggregator.queue"/>
                    <recipients>
                        <spring:value>vm://quoteprovider1.queue</spring:value>
                        <spring:value>vm://quoteprovider2.queue</spring:value>
                    </recipients>
                </static-recipient-list-router>
            </outbound-router>
            <response-router>
                <response-endpoint address="vm://Aggregator.queue"/>
                <custom-response-router class="org.mule.test.integration.routing.TestAggregator"/>
            </response-router>
        </service>

        <service name="QuoteProviderOne">
            <inbound-router>
                <inbound-endpoint address="vm://quoteprovider1.queue"/>
            </inbound-router>
            <echo-component/>
        </service>

        <!-- This is a quotation system -->
        <service name="QuoteProviderTwo">
            <inbound-router>
                <inbound-endpoint address="vm://quoteprovider2.queue"/>
            </inbound-router>
            <echo-component/>
        </service>
    </model>
</mule>
