<?xml version="1.0" encoding="UTF-8"?>

<!DOCTYPE mule-configuration PUBLIC "-//Cubis //DTD mule-configuration XML V1.0//EN"
                                "http://www.cubis.co.uk/dtds/mule-configuration.dtd">

<mule-configuration id="helloSample" version="1.0">

    <mule-environment-properties synchronous="true"/>
    <!--
    JmsConnector is used to send and receive information via the Jms channel
    -->
    <!-- Testing with ActiveMq -->
    <connector name="jmsConnector" className="org.mule.providers.jms.JmsConnector">
        <properties>
            <property name="connectionFactoryJndiName" value="ConnectionFactory"/>
            <property name="jndiInitialFactory" value="org.codehaus.activemq.jndi.ActiveMQInitialContextFactory"/>
        </properties>
    </connector>

    <!-- testing with OpenJms -->
<!--    <connector name="jmsConnector" className="org.mule.providers.jms.JmsConnector">-->
<!--        <properties>-->
<!--            <property name="connectionFactoryJndiName" value="JmsQueueConnectionFactory"/>-->
<!--            <property name="jndiInitialFactory" value="org.exolab.jms.jndi.InitialContextFactory"/>-->
<!--            <property name="jndiProviderUrl" value="tcp://localhost:3035"/>-->
<!--        </properties>-->
<!--    </connector>-->

    <!--
    All transformers must be defined here.  For this example we have two transformers
    used to transform the inbound events for the JmsSender and JmsReceiver components into
    objects they understand.  The entryPointResolver configured on the Model below will
    determine which method to call on our components based on the return types of these
    transformers.
    -->
    <transformers>
        <transformer name="StringToJmsMessage" className="org.mule.providers.jms.transformers.ObjectToJMSMessage" returnClass="javax.jms.TextMessage"/>
    </transformers>

    <model name="model">
        <mule-descriptor name="TestReceiverUMO"
            inboundEndpoint="jms://localhost/test.queue"
            inboundTransformer="StringToJmsMessage"
            outboundEndpoint="stream://localhost/system"
            implementation="org.mule.test.integration.service.TestReceiver">
        </mule-descriptor>
    </model>
</mule-configuration>