<?xml version="1.0" encoding="UTF-8"?>

<!DOCTYPE mule-configuration PUBLIC "-//SymphonySoft //DTD mule-configuration XML V1.0//EN"
                                "http://www.symphonysoft.com/dtds/mule/mule-configuration.dtd">

<mule-configuration id="helloSample" version="1.0">
    <mule-environment-properties synchronous="true"/>

    <container-context className="org.mule.extras.spring.SpringContainerContext">
        <properties>
            <text-property name="configuration">
                <![CDATA[
<!DOCTYPE beans PUBLIC "-//SPRING//DTD BEAN//EN" "http://www.springframework.org/dtd/spring-beans.dtd">
                <beans>
                <bean id="jmsConnectionFactory"
		class="org.activemq.ActiveMQConnectionFactory">
		<property name="brokerURL"><value>vm://localhost</value></property>
		<property name="useEmbeddedBroker"><value>true</value></property>
        <property name="brokerContainerFactory">
            <bean id="bcf" class="org.activemq.broker.impl.BrokerContainerFactoryImpl">
                <constructor-arg index="0">
                    <bean id="vmp" class="org.activemq.store.vm.VMPersistenceAdapter"/>
                </constructor-arg>
            </bean>
        </property>
	</bean>
                </beans>
                ]]>
            </text-property>
        </properties>
    </container-context>
    <!--
    JmsConnector is used to send and receive information via the Jms channel
    -->
    <!-- Testing with ActiveMq -->
    <connector name="jmsConnector" className="org.mule.providers.jms.JmsConnector">
        <properties>
            <container-property name="connectionFactory" reference="jmsConnectionFactory"/>
            <property name="specification" value="1.1"/>
        </properties>
    </connector>

    <!--
    All transformers must be defined here.  For this example we have two transformers
    used to transform the inbound events for the JmsSender and JmsReceiver components into
    objects they understand.  The entryPointResolver configured on the Model below will
    determine which method to call on our components based on the return types of these
    transformers.
    -->
    <transformers>
        <transformer name="StringToJmsMessage" className="org.mule.providers.jms.transformers.ObjectToJMSMessage" returnClass="javax.jms.TextMessage"/>
    </transformers>
    
    <global-endpoints>
        <endpoint address="jms://test.queue" name="transactedJmsEndpoint" type="sender">
            <transaction action="ALWAYS_BEGIN" factory="org.mule.providers.jms.JmsTransactionFactory">
<!--                <constraint className="org.mule.transaction.constraints.BatchConstraint" batchSize="10"/> -->
            </transaction>
        </endpoint>
    </global-endpoints>

    <model name="model">
        <mule-descriptor name="TestReceiverUMO"
            inboundEndpoint="jms://test.queue"
            inboundTransformer="StringToJmsMessage"
            outboundEndpoint="stream://System.out"
            implementation="org.mule.test.integration.service.TestReceiver">
        </mule-descriptor>
    </model>
</mule-configuration>